source: checker/proofs/buggyproof.txt
--- premises (solver input) ---
title: "S1C1 - Prove Segments Parallel"
premises:
pt: A (5, 9, tr), B (10, 2, br), C (1, 3, bl), D (14, 8, tr), M (7.5, 5.5, t)
tri: t_ACM t_BDM
[d_01] intersect_seg(AB,CD,M)
[d_02] transversal(A, C, A, B, D, B)
[g_1] con_seg(AM,BM)
[g_2] con_seg(CM,DM)
-> para(AC,BD)

steps:

test	backward_reasons_tried	forward_step_attempts	status	note
buggyproof.txt	30	27	solved	126ms
--- buggyproof.txt: first 100 backward reasoning chains ---
reason_chain;dependency_slots;conclusion
vert_ang;— d:intersect_seg;con_ang
reflex_a;—;con_ang
vert_ang -> sas;— d:intersect_seg | con_seg,congruent_angs,con_seg;con_tri
reflex_a -> sas;— | con_seg,congruent_angs,con_seg;con_tri
reflex_s;—;con_seg
reflex_s -> sss;— | con_seg,con_seg,con_seg;con_tri
vert_ang -> vert_ang;— d:intersect_seg | — d:intersect_seg;con_ang
vert_ang -> reflex_a;— d:intersect_seg | —;con_ang
vert_ang -> reflex_a -> asa;— d:intersect_seg | — | congruent_angs,con_seg,congruent_angs;con_tri
reflex_a -> vert_ang -> asa;— | — d:intersect_seg | congruent_angs,con_seg,congruent_angs;con_tri
vert_ang -> vert_ang -> asa;— d:intersect_seg | — d:intersect_seg | congruent_angs,con_seg,congruent_angs;con_tri
reflex_a -> reflex_a -> asa;— | — | congruent_angs,con_seg,congruent_angs;con_tri
vert_ang -> reflex_a -> aas;— d:intersect_seg | — | congruent_angs,congruent_angs,con_seg;con_tri
reflex_a -> vert_ang -> aas;— | — d:intersect_seg | congruent_angs,congruent_angs,con_seg;con_tri
vert_ang -> vert_ang -> aas;— d:intersect_seg | — d:intersect_seg | congruent_angs,congruent_angs,con_seg;con_tri
reflex_a -> reflex_a -> aas;— | — | congruent_angs,congruent_angs,con_seg;con_tri
vert_ang -> sas -> cpctc;— d:intersect_seg | con_seg,congruent_angs,con_seg | con_tri;con_ang
reflex_a -> sas -> cpctc;— | con_seg,congruent_angs,con_seg | con_tri;con_ang
reflex_s -> sss -> cpctc;— | con_seg,con_seg,con_seg | con_tri;con_ang
vert_ang -> reflex_a -> asa -> cpctc;— d:intersect_seg | — | congruent_angs,con_seg,congruent_angs | con_tri;con_ang
reflex_a -> vert_ang -> asa -> cpctc;— | — d:intersect_seg | congruent_angs,con_seg,congruent_angs | con_tri;con_ang
vert_ang -> reflex_a -> aas -> cpctc;— d:intersect_seg | — | congruent_angs,congruent_angs,con_seg | con_tri;con_ang
reflex_a -> vert_ang -> aas -> cpctc;— | — d:intersect_seg | congruent_angs,congruent_angs,con_seg | con_tri;con_ang
vert_ang -> vert_ang -> asa -> cpctc;— d:intersect_seg | — d:intersect_seg | congruent_angs,con_seg,congruent_angs | con_tri;con_ang
vert_ang -> vert_ang -> aas -> cpctc;— d:intersect_seg | — d:intersect_seg | congruent_angs,congruent_angs,con_seg | con_tri;con_ang
reflex_a -> reflex_a -> asa -> cpctc;— | — | congruent_angs,con_seg,congruent_angs | con_tri;con_ang
reflex_a -> reflex_a -> aas -> cpctc;— | — | congruent_angs,congruent_angs,con_seg | con_tri;con_ang
vert_ang -> sas -> cpctc -> altint_conv;— d:intersect_seg | con_seg,congruent_angs,con_seg | con_tri | con_ang d:transversal;para
reflex_a -> sas -> cpctc -> altint_conv;— | con_seg,congruent_angs,con_seg | con_tri | con_ang d:transversal;para
reflex_s -> sss -> cpctc -> altint_conv;— | con_seg,con_seg,con_seg | con_tri | con_ang d:transversal;para
vert_ang -> reflex_a -> asa -> cpctc -> altint_conv;— d:intersect_seg | — | congruent_angs,con_seg,congruent_angs | con_tri | con_ang d:transversal;para
reflex_a -> vert_ang -> asa -> cpctc -> altint_conv;— | — d:intersect_seg | congruent_angs,con_seg,congruent_angs | con_tri | con_ang d:transversal;para
vert_ang -> reflex_a -> aas -> cpctc -> altint_conv;— d:intersect_seg | — | congruent_angs,congruent_angs,con_seg | con_tri | con_ang d:transversal;para
reflex_a -> vert_ang -> aas -> cpctc -> altint_conv;— | — d:intersect_seg | congruent_angs,congruent_angs,con_seg | con_tri | con_ang d:transversal;para
vert_ang -> vert_ang -> asa -> cpctc -> altint_conv;— d:intersect_seg | — d:intersect_seg | congruent_angs,con_seg,congruent_angs | con_tri | con_ang d:transversal;para
vert_ang -> vert_ang -> aas -> cpctc -> altint_conv;— d:intersect_seg | — d:intersect_seg | congruent_angs,congruent_angs,con_seg | con_tri | con_ang d:transversal;para
reflex_a -> reflex_a -> asa -> cpctc -> altint_conv;— | — | congruent_angs,con_seg,congruent_angs | con_tri | con_ang d:transversal;para
reflex_a -> reflex_a -> aas -> cpctc -> altint_conv;— | — | congruent_angs,congruent_angs,con_seg | con_tri | con_ang d:transversal;para
--- buggyproof.txt: first 100 forward step attempts ---
status;reason;dependencies;conclusion
fail;vert_ang;;con_ang(a_ABA, a_CBD)
fail;vert_ang;;con_ang(a_ABA, a_MBM)
fail;vert_ang;;con_ang(a_ABC, a_DBM)
fail;vert_ang;;con_ang(a_ABC, a_MBM)
fail;vert_ang;;con_ang(a_ABD, a_MBM)
fail;vert_ang;;con_ang(a_ABM, a_CBD)
fail;vert_ang;;con_ang(a_ACB, a_DCD)
fail;vert_ang;;con_ang(a_ACB, a_DCM)
fail;vert_ang;;con_ang(a_ACB, a_MCM)
fail;vert_ang;;con_ang(a_ACD, a_BCM)
fail;vert_ang;;con_ang(a_ACD, a_MCM)
fail;vert_ang;;con_ang(a_ACM, a_BCD)
fail;vert_ang;;con_ang(a_ACM, a_DCD)
fail;vert_ang;;con_ang(a_ADB, a_CDC)
fail;vert_ang;;con_ang(a_ADB, a_CDM)
fail;vert_ang;;con_ang(a_ADB, a_MDM)
fail;vert_ang;;con_ang(a_ADC, a_BDM)
fail;vert_ang;;con_ang(a_ADC, a_MDM)
fail;vert_ang;;con_ang(a_ADM, a_BDC)
fail;vert_ang;;con_ang(a_ADM, a_CDC)
ok;vert_ang;;con_ang(a_AMB, a_CMD)
fail;sas;con_seg(AM, BM) | con_ang(a_AMC, a_BMD) | con_seg(CM, DM);con_tri(t_ACM, t_BDM)
ok;vert_ang;;con_ang(a_AMC, a_BMD)
ok;sas;con_seg(AM, BM) | con_ang(a_AMC, a_BMD) | con_seg(CM, DM);con_tri(t_ACM, t_BDM)
ok;cpctc;con_tri(t_ACM, t_BDM);con_ang(a_MAC, a_MBD)
fail;altint_conv;con_ang(a_AMC, a_BMD);para(AC, BD)
ok;altint_conv;con_ang(a_MAC, a_MBD);para(AC, BD)

--- final proof ---
title: "S1C1 - Prove Segments Parallel"
premises:
pt: A (5, 9, tr), B (10, 2, br), C (1, 3, bl), D (14, 8, tr), M (7.5, 5.5, t)
tri: t_ACM t_BDM
[g_1] con_seg(AM, BM)
[g_2] con_seg(CM, DM)
[d_1] intersect_seg(AB, CD, M)
[d_2] transversal(A, C, A, B, D, B)
-> para(AC, BD)

steps:
[01] given(g_1) -> con_seg(AM, BM)
[02] given(g_2) -> con_seg(CM, DM)
[03] vert_ang() -> con_ang(a_AMC, a_BMD)
[04] sas(1, 3, 2) -> con_tri(t_ACM, t_BDM)
[05] cpctc(4) -> con_ang(a_MAC, a_MBD)
[06] altint_conv(5) -> para(AC, BD)

